<?xml version="1.0" encoding="UTF-8"?>
<!-- Generated by org.testng.reporters.JUnitReportReporter -->
<testsuite hostname="DESKTOP-106RS03" failures="0" tests="2" name="testcases.CheckOutPage1Test" time="10.594" errors="0" timestamp="2024-01-30T12:07:49 IST" skipped="0">
  <testcase classname="testcases.CheckOutPage1Test" name="verifyinputinfo" time="5.025"/>
  <system-out>
    <![CDATA[Check Out Page 1 Next URL = https://www.saucedemo.com/checkout-step-two.html]]>
  </system-out>
  <testcase classname="testcases.CheckOutPage1Test" name="verifycheckoutpageURLTest" time="5.569"/>
  <system-out>
    <![CDATA[Check Out Page URL = https://www.saucedemo.com/checkout-step-one.html]]>
  </system-out>
</testsuite> <!-- testcases.CheckOutPage1Test -->
