<?xml version="1.0" encoding="UTF-8"?>
<!-- Generated by org.testng.reporters.JUnitReportReporter -->
<testsuite hostname="DESKTOP-106RS03" failures="0" tests="3" name="testcases.LoginPageTest" time="16.062" errors="0" timestamp="2024-01-30T12:07:49 IST" skipped="0">
  <testcase classname="testcases.LoginPageTest" name="logintoAppicationTEST" time="3.574"/>
  <system-out>
    <![CDATA[NextPage URL Of LOGINPAGE = https://www.saucedemo.com/inventory.html]]>
  </system-out>
  <testcase classname="testcases.LoginPageTest" name="verifyURLofApplication" time="9.216"/>
  <system-out/>
  <testcase classname="testcases.LoginPageTest" name="verifyTITLEofApplicationTEST" time="3.272"/>
  <system-out/>
</testsuite> <!-- testcases.LoginPageTest -->
