<?xml version="1.0" encoding="UTF-8"?>
<!-- Generated by org.testng.reporters.JUnitReportReporter -->
<testsuite hostname="DESKTOP-106RS03" failures="0" tests="5" name="testcases.CheckOut_CompletePageTest" time="27.259" errors="0" timestamp="2024-01-30T12:07:50 IST" skipped="0">
  <testcase classname="testcases.CheckOut_CompletePageTest" name="verifypageURLTest" time="5.304"/>
  <system-out>
    <![CDATA[https://www.saucedemo.com/checkout-complete.html]]>
  </system-out>
  <testcase classname="testcases.CheckOut_CompletePageTest" name="verifybackbtnTest" time="5.116"/>
  <system-out>
    <![CDATA[https://www.saucedemo.com/inventory.html]]>
  </system-out>
  <testcase classname="testcases.CheckOut_CompletePageTest" name="verifydispatchTextTest" time="5.577"/>
  <system-out>
    <![CDATA[Your order has been dispatched, and will arrive just as fast as the pony can get there!]]>
  </system-out>
  <testcase classname="testcases.CheckOut_CompletePageTest" name="verifylableTest" time="5.609"/>
  <system-out>
    <![CDATA[Checkout: Complete!]]>
  </system-out>
  <testcase classname="testcases.CheckOut_CompletePageTest" name="verifythyTextTest" time="5.653"/>
  <system-out>
    <![CDATA[Thank you for your order!]]>
  </system-out>
</testsuite> <!-- testcases.CheckOut_CompletePageTest -->
